{"level":"info","message":"Listening on port 3900...","timestamp":"2018-07-25T19:02:18.260Z"}
{"level":"info","message":"Connected to mongodb://localhost/vidly...","timestamp":"2018-07-25T19:02:18.281Z"}
{"level":"info","message":"Listening on port 3900...","timestamp":"2018-07-25T19:09:55.035Z"}
{"level":"info","message":"Connected to mongodb://localhost/vidly...","timestamp":"2018-07-25T19:09:55.055Z"}
{"message":"Cannot read property 'isAdmin' of undefined","stack":"TypeError: Cannot read property 'isAdmin' of undefined\n    at module.exports (/Users/moshfeghhamedani/Dropbox/Courses/React/Demo/vidly-api-node/middleware/admin.js:8:17)\n    at /Users/moshfeghhamedani/Dropbox/Courses/React/Demo/vidly-api-node/node_modules/express-async-errors/index.js:17:17\n    at Layer.handle [as handle_request] (/Users/moshfeghhamedani/Dropbox/Courses/React/Demo/vidly-api-node/node_modules/express/lib/router/layer.js:95:5)\n    at next (/Users/moshfeghhamedani/Dropbox/Courses/React/Demo/vidly-api-node/node_modules/express/lib/router/route.js:137:13)\n    at module.exports (/Users/moshfeghhamedani/Dropbox/Courses/React/Demo/vidly-api-node/middleware/auth.js:5:36)\n    at /Users/moshfeghhamedani/Dropbox/Courses/React/Demo/vidly-api-node/node_modules/express-async-errors/index.js:17:17\n    at Layer.handle [as handle_request] (/Users/moshfeghhamedani/Dropbox/Courses/React/Demo/vidly-api-node/node_modules/express/lib/router/layer.js:95:5)\n    at next (/Users/moshfeghhamedani/Dropbox/Courses/React/Demo/vidly-api-node/node_modules/express/lib/router/route.js:137:13)\n    at Route.dispatch (/Users/moshfeghhamedani/Dropbox/Courses/React/Demo/vidly-api-node/node_modules/express/lib/router/route.js:112:3)\n    at /Users/moshfeghhamedani/Dropbox/Courses/React/Demo/vidly-api-node/node_modules/express-async-errors/index.js:17:17\n    at Layer.handle [as handle_request] (/Users/moshfeghhamedani/Dropbox/Courses/React/Demo/vidly-api-node/node_modules/express/lib/router/layer.js:95:5)\n    at /Users/moshfeghhamedani/Dropbox/Courses/React/Demo/vidly-api-node/node_modules/express/lib/router/index.js:281:22\n    at Function.process_params (/Users/moshfeghhamedani/Dropbox/Courses/React/Demo/vidly-api-node/node_modules/express/lib/router/index.js:335:12)\n    at next (/Users/moshfeghhamedani/Dropbox/Courses/React/Demo/vidly-api-node/node_modules/express/lib/router/index.js:275:10)\n    at Function.handle (/Users/moshfeghhamedani/Dropbox/Courses/React/Demo/vidly-api-node/node_modules/express/lib/router/index.js:174:3)\n    at router (/Users/moshfeghhamedani/Dropbox/Courses/React/Demo/vidly-api-node/node_modules/express/lib/router/index.js:47:12)","level":"error","timestamp":"2018-07-25T19:11:08.638Z"}
{"level":"info","message":"Listening on port 3900...","timestamp":"2018-07-25T19:11:36.087Z"}
{"level":"info","message":"Connected to mongodb://localhost/vidly...","timestamp":"2018-07-25T19:11:36.108Z"}
{"level":"info","message":"Listening on port 3900...","timestamp":"2018-07-25T19:11:40.247Z"}
{"level":"info","message":"Connected to mongodb://localhost/vidly...","timestamp":"2018-07-25T19:11:40.267Z"}
{"level":"info","message":"Listening on port 3900...","timestamp":"2018-07-25T19:11:52.261Z"}
{"level":"info","message":"Connected to mongodb://localhost/vidly...","timestamp":"2018-07-25T19:11:52.282Z"}
{"level":"info","message":"Listening on port 3900...","timestamp":"2021-05-24T22:29:45.304Z"}
{"level":"info","message":"Connected to mongodb://localhost/ProductCatelog...","timestamp":"2021-05-24T22:29:45.341Z"}
{"level":"info","message":"Listening on port 3900...","timestamp":"2021-05-24T22:34:02.411Z"}
{"level":"info","message":"Connected to mongodb://localhost/ProductCatelog...","timestamp":"2021-05-24T22:34:02.443Z"}
{"level":"info","message":"Listening on port 3900...","timestamp":"2021-05-24T22:37:08.638Z"}
{"level":"info","message":"Connected to mongodb://localhost/ProductCatelog...","timestamp":"2021-05-24T22:37:08.711Z"}
{"level":"info","message":"Listening on port 3900...","timestamp":"2021-05-25T02:48:57.100Z"}
{"level":"info","message":"Listening on port 3900...","timestamp":"2021-05-25T03:03:24.404Z"}
{"level":"info","message":"Connected to mongodb://localhost/ProductCatelog...","timestamp":"2021-05-25T03:03:24.431Z"}
{"level":"info","message":"Listening on port 3900...","timestamp":"2021-05-25T10:26:02.077Z"}
{"level":"info","message":"Connected to mongodb://localhost/ProductCatelog...","timestamp":"2021-05-25T10:26:02.121Z"}
{"level":"info","message":"Listening on port 3900...","timestamp":"2021-05-25T11:21:55.272Z"}
{"level":"info","message":"Connected to mongodb://localhost/ProductCatelog...","timestamp":"2021-05-25T11:21:55.297Z"}
{"level":"info","message":"Listening on port 3900...","timestamp":"2021-05-25T11:36:31.736Z"}
{"level":"info","message":"Connected to mongodb://localhost/ProductCatelog...","timestamp":"2021-05-25T11:36:31.769Z"}
{"level":"info","message":"Listening on port 3900...","timestamp":"2021-05-25T12:47:07.753Z"}
{"level":"info","message":"Connected to mongodb://localhost/ProductCatelog...","timestamp":"2021-05-25T12:47:07.866Z"}
{"level":"info","message":"Listening on port 3900...","timestamp":"2021-05-25T12:52:55.837Z"}
{"level":"info","message":"Connected to mongodb://localhost/ProductCatelog...","timestamp":"2021-05-25T12:52:55.920Z"}
{"level":"info","message":"Listening on port 3900...","timestamp":"2021-05-28T04:57:00.860Z"}
{"level":"info","message":"Connected to mongodb://localhost/ProductCatelog...","timestamp":"2021-05-28T04:57:01.189Z"}
{"level":"info","message":"Listening on port 3900...","timestamp":"2021-05-29T06:27:59.088Z"}
{"level":"info","message":"Listening on port 3900...","timestamp":"2021-05-29T06:29:25.087Z"}
{"level":"info","message":"Connected to mongodb://localhost/ProductCatelog...","timestamp":"2021-05-29T06:29:25.162Z"}
{"level":"info","message":"Listening on port 3900...","timestamp":"2021-05-29T11:11:57.356Z"}
{"level":"info","message":"Connected to mongodb://localhost/ProductCatelog...","timestamp":"2021-05-29T11:11:57.411Z"}
{"level":"info","message":"Listening on port 3900...","timestamp":"2021-05-29T11:16:09.281Z"}
{"level":"info","message":"Connected to mongodb://localhost/ProductCatelog...","timestamp":"2021-05-29T11:16:09.361Z"}
{"level":"info","message":"Listening on port 3900...","timestamp":"2021-05-29T12:02:14.517Z"}
{"level":"info","message":"Connected to mongodb://localhost/ProductCatelog...","timestamp":"2021-05-29T12:02:14.544Z"}
{"level":"info","message":"Listening on port 3900...","timestamp":"2021-05-29T12:28:58.281Z"}
{"level":"info","message":"Connected to mongodb://localhost/ProductCatelog...","timestamp":"2021-05-29T12:28:58.308Z"}
{"level":"info","message":"Listening on port 3900...","timestamp":"2021-05-29T12:29:30.455Z"}
{"level":"info","message":"Connected to mongodb://localhost/ProductCatelog...","timestamp":"2021-05-29T12:29:30.481Z"}
{"level":"info","message":"Listening on port 3900...","timestamp":"2021-05-29T12:30:08.700Z"}
{"level":"info","message":"Connected to mongodb://localhost/ProductCatelog...","timestamp":"2021-05-29T12:30:08.727Z"}
{"level":"info","message":"Listening on port 3900...","timestamp":"2021-05-29T12:40:03.515Z"}
{"level":"info","message":"Connected to mongodb://localhost/ProductCatelog...","timestamp":"2021-05-29T12:40:03.544Z"}
{"level":"info","message":"Listening on port 3900...","timestamp":"2021-05-29T12:40:33.282Z"}
{"level":"info","message":"Connected to mongodb://localhost/ProductCatelog...","timestamp":"2021-05-29T12:40:33.309Z"}
{"message":"Cannot access 'category' before initialization","stack":"ReferenceError: Cannot access 'category' before initialization\n    at D:\\Project\\React\\api-node\\routes\\products.js:46:30\n    at D:\\Project\\React\\api-node\\node_modules\\express-async-errors\\index.js:17:17\n    at Layer.handle [as handle_request] (D:\\Project\\React\\api-node\\node_modules\\express\\lib\\router\\layer.js:95:5)\n    at next (D:\\Project\\React\\api-node\\node_modules\\express\\lib\\router\\route.js:137:13)\n    at module.exports (D:\\Project\\React\\api-node\\middleware\\auth.js:5:43)\n    at D:\\Project\\React\\api-node\\node_modules\\express-async-errors\\index.js:17:17\n    at Layer.handle [as handle_request] (D:\\Project\\React\\api-node\\node_modules\\express\\lib\\router\\layer.js:95:5)\n    at next (D:\\Project\\React\\api-node\\node_modules\\express\\lib\\router\\route.js:137:13)\n    at Route.dispatch (D:\\Project\\React\\api-node\\node_modules\\express\\lib\\router\\route.js:112:3)\n    at D:\\Project\\React\\api-node\\node_modules\\express-async-errors\\index.js:17:17\n    at Layer.handle [as handle_request] (D:\\Project\\React\\api-node\\node_modules\\express\\lib\\router\\layer.js:95:5)\n    at D:\\Project\\React\\api-node\\node_modules\\express\\lib\\router\\index.js:281:22\n    at param (D:\\Project\\React\\api-node\\node_modules\\express\\lib\\router\\index.js:354:14)\n    at param (D:\\Project\\React\\api-node\\node_modules\\express\\lib\\router\\index.js:365:14)\n    at Function.process_params (D:\\Project\\React\\api-node\\node_modules\\express\\lib\\router\\index.js:410:3)\n    at next (D:\\Project\\React\\api-node\\node_modules\\express\\lib\\router\\index.js:275:10)","level":"error","timestamp":"2021-05-29T12:40:40.756Z"}
{"level":"info","message":"Listening on port 3900...","timestamp":"2021-05-29T12:41:02.947Z"}
{"level":"info","message":"Connected to mongodb://localhost/ProductCatelog...","timestamp":"2021-05-29T12:41:02.975Z"}
{"level":"info","message":"Listening on port 3900...","timestamp":"2021-05-29T15:03:18.505Z"}
{"level":"info","message":"Connected to mongodb://localhost/ProductCatelog...","timestamp":"2021-05-29T15:03:18.535Z"}
{"level":"info","message":"Listening on port 3900...","timestamp":"2021-05-29T15:04:11.328Z"}
{"level":"info","message":"Connected to mongodb://localhost/ProductCatelog...","timestamp":"2021-05-29T15:04:11.355Z"}
{"level":"info","message":"Listening on port 3900...","timestamp":"2021-05-29T16:31:56.035Z"}
{"level":"info","message":"Connected to mongodb://localhost/ProductCatelog...","timestamp":"2021-05-29T16:31:56.058Z"}
{"level":"info","message":"Listening on port 3900...","timestamp":"2021-05-29T16:35:43.323Z"}
{"level":"info","message":"Connected to mongodb://localhost/ProductCatelog...","timestamp":"2021-05-29T16:35:43.353Z"}
{"level":"info","message":"Listening on port 3900...","timestamp":"2021-05-29T16:38:35.128Z"}
{"level":"info","message":"Connected to mongodb://localhost/ProductCatelog...","timestamp":"2021-05-29T16:38:35.175Z"}
{"level":"info","message":"Listening on port 3900...","timestamp":"2021-05-29T16:39:31.986Z"}
{"level":"info","message":"Connected to mongodb://localhost/ProductCatelog...","timestamp":"2021-05-29T16:39:32.016Z"}
{"message":"Products validation failed: Category: Path `Category` is required., IsDeleted: Path `IsDeleted` is required., liked: Path `liked` is required.","errors":{"Category":{"message":"Path `Category` is required.","name":"ValidatorError","properties":{"message":"Path `{PATH}` is required.","type":"required","path":"Category"},"kind":"required","path":"Category","$isValidatorError":true},"IsDeleted":{"message":"Path `IsDeleted` is required.","name":"ValidatorError","properties":{"message":"Path `{PATH}` is required.","type":"required","path":"IsDeleted"},"kind":"required","path":"IsDeleted","$isValidatorError":true},"liked":{"message":"Path `liked` is required.","name":"ValidatorError","properties":{"message":"Path `{PATH}` is required.","type":"required","path":"liked"},"kind":"required","path":"liked","$isValidatorError":true}},"_message":"Products validation failed","stack":"ValidationError: Products validation failed: Category: Path `Category` is required., IsDeleted: Path `IsDeleted` is required., liked: Path `liked` is required.\n    at new ValidationError (D:\\Project\\React\\api-node\\node_modules\\mongoose\\lib\\error\\validation.js:27:11)\n    at model.Document.invalidate (D:\\Project\\React\\api-node\\node_modules\\mongoose\\lib\\document.js:1656:32)\n    at D:\\Project\\React\\api-node\\node_modules\\mongoose\\lib\\document.js:1528:17\n    at D:\\Project\\React\\api-node\\node_modules\\mongoose\\lib\\schema\\embedded.js:212:14\n    at Immediate.<anonymous> (D:\\Project\\React\\api-node\\node_modules\\mongoose\\lib\\schematype.js:785:9)\n    at processImmediate (internal/timers.js:461:21)","name":"ValidationError","level":"error","timestamp":"2021-05-29T16:39:45.359Z"}
{"level":"info","message":"Listening on port 3900...","timestamp":"2021-05-29T16:41:02.774Z"}
{"level":"info","message":"Connected to mongodb://localhost/ProductCatelog...","timestamp":"2021-05-29T16:41:02.801Z"}
{"message":"Products validation failed: IsDeleted: Path `IsDeleted` is required., liked: Path `liked` is required.","errors":{"IsDeleted":{"message":"Path `IsDeleted` is required.","name":"ValidatorError","properties":{"message":"Path `{PATH}` is required.","type":"required","path":"IsDeleted"},"kind":"required","path":"IsDeleted","$isValidatorError":true},"liked":{"message":"Path `liked` is required.","name":"ValidatorError","properties":{"message":"Path `{PATH}` is required.","type":"required","path":"liked"},"kind":"required","path":"liked","$isValidatorError":true}},"_message":"Products validation failed","stack":"ValidationError: Products validation failed: IsDeleted: Path `IsDeleted` is required., liked: Path `liked` is required.\n    at new ValidationError (D:\\Project\\React\\api-node\\node_modules\\mongoose\\lib\\error\\validation.js:27:11)\n    at model.Document.invalidate (D:\\Project\\React\\api-node\\node_modules\\mongoose\\lib\\document.js:1656:32)\n    at D:\\Project\\React\\api-node\\node_modules\\mongoose\\lib\\document.js:1528:17\n    at Immediate.<anonymous> (D:\\Project\\React\\api-node\\node_modules\\mongoose\\lib\\schematype.js:785:9)\n    at processImmediate (internal/timers.js:461:21)","name":"ValidationError","level":"error","timestamp":"2021-05-29T16:41:12.262Z"}
{"level":"info","message":"Listening on port 3900...","timestamp":"2021-05-29T16:47:47.396Z"}
{"level":"info","message":"Connected to mongodb://localhost/ProductCatelog...","timestamp":"2021-05-29T16:47:47.421Z"}
{"level":"info","message":"Listening on port 3900...","timestamp":"2021-05-29T16:53:20.911Z"}
{"level":"info","message":"Connected to mongodb://localhost/ProductCatelog...","timestamp":"2021-05-29T16:53:20.939Z"}
{"level":"info","message":"Listening on port 3900...","timestamp":"2021-05-29T16:57:31.251Z"}
{"level":"info","message":"Connected to mongodb://localhost/ProductCatelog...","timestamp":"2021-05-29T16:57:31.277Z"}
{"level":"info","message":"Listening on port 3900...","timestamp":"2021-05-29T17:52:21.321Z"}
{"level":"info","message":"Connected to mongodb://localhost/ProductCatelog...","timestamp":"2021-05-29T17:52:21.440Z"}
{"level":"info","message":"Listening on port 3900...","timestamp":"2021-05-29T17:59:11.634Z"}
{"level":"info","message":"Connected to mongodb://localhost/ProductCatelog...","timestamp":"2021-05-29T17:59:11.714Z"}
{"level":"info","message":"Listening on port 3900...","timestamp":"2021-05-29T17:59:40.415Z"}
{"level":"info","message":"Connected to mongodb://localhost/ProductCatelog...","timestamp":"2021-05-29T17:59:40.517Z"}
{"level":"info","message":"Listening on port 3900...","timestamp":"2021-05-29T18:31:34.638Z"}
{"level":"info","message":"Listening on port 3900...","timestamp":"2021-05-29T18:32:35.664Z"}
{"level":"info","message":"Connected to mongodb://localhost/ProductCatelog...","timestamp":"2021-05-29T18:33:00.104Z"}
{"level":"info","message":"Listening on port 3900...","timestamp":"2021-05-29T18:33:18.052Z"}
{"level":"info","message":"Connected to mongodb://localhost/ProductCatelog...","timestamp":"2021-05-29T18:33:18.203Z"}
{"level":"info","message":"Listening on port 3900...","timestamp":"2021-05-30T09:55:43.342Z"}
{"level":"info","message":"Connected to mongodb://localhost/ProductCatelog...","timestamp":"2021-05-30T09:55:43.373Z"}
{"message":"Cannot read property '_id' of undefined","stack":"TypeError: Cannot read property '_id' of undefined\n    at D:\\Project\\React\\api-node\\routes\\users.js:9:45\n    at D:\\Project\\React\\api-node\\node_modules\\express-async-errors\\index.js:17:17\n    at Layer.handle [as handle_request] (D:\\Project\\React\\api-node\\node_modules\\express\\lib\\router\\layer.js:95:5)\n    at next (D:\\Project\\React\\api-node\\node_modules\\express\\lib\\router\\route.js:137:13)\n    at module.exports (D:\\Project\\React\\api-node\\middleware\\auth.js:5:43)\n    at D:\\Project\\React\\api-node\\node_modules\\express-async-errors\\index.js:17:17\n    at Layer.handle [as handle_request] (D:\\Project\\React\\api-node\\node_modules\\express\\lib\\router\\layer.js:95:5)\n    at next (D:\\Project\\React\\api-node\\node_modules\\express\\lib\\router\\route.js:137:13)\n    at Route.dispatch (D:\\Project\\React\\api-node\\node_modules\\express\\lib\\router\\route.js:112:3)\n    at D:\\Project\\React\\api-node\\node_modules\\express-async-errors\\index.js:17:17\n    at Layer.handle [as handle_request] (D:\\Project\\React\\api-node\\node_modules\\express\\lib\\router\\layer.js:95:5)\n    at D:\\Project\\React\\api-node\\node_modules\\express\\lib\\router\\index.js:281:22\n    at Function.process_params (D:\\Project\\React\\api-node\\node_modules\\express\\lib\\router\\index.js:335:12)\n    at next (D:\\Project\\React\\api-node\\node_modules\\express\\lib\\router\\index.js:275:10)\n    at Function.handle (D:\\Project\\React\\api-node\\node_modules\\express\\lib\\router\\index.js:174:3)\n    at router (D:\\Project\\React\\api-node\\node_modules\\express\\lib\\router\\index.js:47:12)","level":"error","timestamp":"2021-05-30T09:56:15.913Z"}
{"level":"info","message":"Listening on port 3900...","timestamp":"2021-05-30T09:56:29.857Z"}
{"level":"info","message":"Connected to mongodb://localhost/ProductCatelog...","timestamp":"2021-05-30T09:56:29.887Z"}
{"message":"Cannot read property '_id' of undefined","stack":"TypeError: Cannot read property '_id' of undefined\n    at D:\\Project\\React\\api-node\\routes\\users.js:9:45\n    at D:\\Project\\React\\api-node\\node_modules\\express-async-errors\\index.js:17:17\n    at Layer.handle [as handle_request] (D:\\Project\\React\\api-node\\node_modules\\express\\lib\\router\\layer.js:95:5)\n    at next (D:\\Project\\React\\api-node\\node_modules\\express\\lib\\router\\route.js:137:13)\n    at module.exports (D:\\Project\\React\\api-node\\middleware\\auth.js:5:43)\n    at D:\\Project\\React\\api-node\\node_modules\\express-async-errors\\index.js:17:17\n    at Layer.handle [as handle_request] (D:\\Project\\React\\api-node\\node_modules\\express\\lib\\router\\layer.js:95:5)\n    at next (D:\\Project\\React\\api-node\\node_modules\\express\\lib\\router\\route.js:137:13)\n    at Route.dispatch (D:\\Project\\React\\api-node\\node_modules\\express\\lib\\router\\route.js:112:3)\n    at D:\\Project\\React\\api-node\\node_modules\\express-async-errors\\index.js:17:17\n    at Layer.handle [as handle_request] (D:\\Project\\React\\api-node\\node_modules\\express\\lib\\router\\layer.js:95:5)\n    at D:\\Project\\React\\api-node\\node_modules\\express\\lib\\router\\index.js:281:22\n    at Function.process_params (D:\\Project\\React\\api-node\\node_modules\\express\\lib\\router\\index.js:335:12)\n    at next (D:\\Project\\React\\api-node\\node_modules\\express\\lib\\router\\index.js:275:10)\n    at Function.handle (D:\\Project\\React\\api-node\\node_modules\\express\\lib\\router\\index.js:174:3)\n    at router (D:\\Project\\React\\api-node\\node_modules\\express\\lib\\router\\index.js:47:12)","level":"error","timestamp":"2021-05-30T09:56:33.288Z"}
{"level":"info","message":"Listening on port 3900...","timestamp":"2021-05-30T10:04:07.367Z"}
{"level":"info","message":"Connected to mongodb://localhost/ProductCatelog...","timestamp":"2021-05-30T10:04:07.394Z"}
{"level":"info","message":"Listening on port 3900...","timestamp":"2021-05-30T10:05:27.285Z"}
{"level":"info","message":"Connected to mongodb://localhost/ProductCatelog...","timestamp":"2021-05-30T10:05:27.316Z"}
{"level":"info","message":"Listening on port 3900...","timestamp":"2021-05-30T10:07:20.901Z"}
{"level":"info","message":"Connected to mongodb://localhost/ProductCatelog...","timestamp":"2021-05-30T10:07:20.931Z"}
{"message":"Converting circular structure to JSON\n    --> starting at object with constructor 'Socket'\n    |     property 'parser' -> object with constructor 'HTTPParser'\n    --- property 'socket' closes the circle","stack":"TypeError: Converting circular structure to JSON\n    --> starting at object with constructor 'Socket'\n    |     property 'parser' -> object with constructor 'HTTPParser'\n    --- property 'socket' closes the circle\n    at JSON.stringify (<anonymous>)\n    at D:\\Project\\React\\api-node\\routes\\users.js:15:20\n    at D:\\Project\\React\\api-node\\node_modules\\express-async-errors\\index.js:17:17\n    at Layer.handle [as handle_request] (D:\\Project\\React\\api-node\\node_modules\\express\\lib\\router\\layer.js:95:5)\n    at next (D:\\Project\\React\\api-node\\node_modules\\express\\lib\\router\\route.js:137:13)\n    at Route.dispatch (D:\\Project\\React\\api-node\\node_modules\\express\\lib\\router\\route.js:112:3)\n    at D:\\Project\\React\\api-node\\node_modules\\express-async-errors\\index.js:17:17\n    at Layer.handle [as handle_request] (D:\\Project\\React\\api-node\\node_modules\\express\\lib\\router\\layer.js:95:5)\n    at D:\\Project\\React\\api-node\\node_modules\\express\\lib\\router\\index.js:281:22\n    at Function.process_params (D:\\Project\\React\\api-node\\node_modules\\express\\lib\\router\\index.js:335:12)\n    at next (D:\\Project\\React\\api-node\\node_modules\\express\\lib\\router\\index.js:275:10)\n    at Function.handle (D:\\Project\\React\\api-node\\node_modules\\express\\lib\\router\\index.js:174:3)\n    at router (D:\\Project\\React\\api-node\\node_modules\\express\\lib\\router\\index.js:47:12)\n    at D:\\Project\\React\\api-node\\node_modules\\express-async-errors\\index.js:17:17\n    at Layer.handle [as handle_request] (D:\\Project\\React\\api-node\\node_modules\\express\\lib\\router\\layer.js:95:5)\n    at trim_prefix (D:\\Project\\React\\api-node\\node_modules\\express\\lib\\router\\index.js:317:13)","level":"error","timestamp":"2021-05-30T10:07:25.312Z"}
{"level":"info","message":"Listening on port 3900...","timestamp":"2021-05-30T10:07:53.116Z"}
{"level":"info","message":"Connected to mongodb://localhost/ProductCatelog...","timestamp":"2021-05-30T10:07:53.169Z"}
{"message":"Unexpected token } in JSON at position 53","stack":"SyntaxError: Unexpected token } in JSON at position 53\n    at JSON.parse (<anonymous>)\n    at parse (D:\\Project\\React\\api-node\\node_modules\\body-parser\\lib\\types\\json.js:89:19)\n    at D:\\Project\\React\\api-node\\node_modules\\body-parser\\lib\\read.js:121:18\n    at invokeCallback (D:\\Project\\React\\api-node\\node_modules\\raw-body\\index.js:224:16)\n    at done (D:\\Project\\React\\api-node\\node_modules\\raw-body\\index.js:213:7)\n    at IncomingMessage.onEnd (D:\\Project\\React\\api-node\\node_modules\\raw-body\\index.js:273:7)\n    at IncomingMessage.emit (events.js:327:22)\n    at endReadableNT (internal/streams/readable.js:1327:12)\n    at processTicksAndRejections (internal/process/task_queues.js:80:21)","expose":true,"statusCode":400,"status":400,"body":"{\n\t\"email\": \"ravi@gmail.com\",\n\t\"password\": \"123111\",\n}","type":"entity.parse.failed","level":"error","timestamp":"2021-05-30T11:29:39.389Z"}
{"level":"info","message":"Listening on port 3900...","timestamp":"2021-05-30T11:34:15.792Z"}
{"level":"info","message":"Connected to mongodb://localhost/ProductCatelog...","timestamp":"2021-05-30T11:34:15.816Z"}
{"level":"info","message":"Listening on port 3900...","timestamp":"2021-06-02T17:40:49.960Z"}
{"level":"info","message":"Listening on port 3900...","timestamp":"2021-06-02T17:41:04.570Z"}
{"level":"info","message":"Connected to mongodb://localhost/ProductCatelog...","timestamp":"2021-06-02T17:41:04.613Z"}
{"level":"info","message":"Listening on port 3900...","timestamp":"2021-06-04T06:35:43.731Z"}
{"level":"info","message":"Listening on port 3900...","timestamp":"2021-06-04T06:55:39.029Z"}
{"level":"info","message":"Connected to mongodb://localhost/ProductCatelog...","timestamp":"2021-06-04T06:55:39.123Z"}
{"level":"info","message":"Listening on port 3900...","timestamp":"2021-06-04T11:42:01.771Z"}
{"level":"info","message":"Connected to mongodb://localhost/ProductCatelog...","timestamp":"2021-06-04T11:42:01.797Z"}
{"level":"info","message":"Listening on port 3900...","timestamp":"2021-06-05T10:30:50.513Z"}
{"level":"info","message":"Connected to mongodb://localhost/ProductCatelog...","timestamp":"2021-06-05T10:30:50.568Z"}
{"level":"info","message":"Listening on port 3900...","timestamp":"2021-06-05T17:38:06.768Z"}
{"level":"info","message":"Connected to mongodb://localhost/ProductCatelog...","timestamp":"2021-06-05T17:38:06.797Z"}
{"level":"info","message":"Listening on port 3900...","timestamp":"2021-06-06T10:11:16.365Z"}
{"level":"info","message":"Connected to mongodb://localhost/ProductCatelog...","timestamp":"2021-06-06T10:11:16.429Z"}
{"level":"info","message":"Listening on port 3900...","timestamp":"2021-06-10T01:21:46.313Z"}
{"level":"info","message":"Connected to mongodb://localhost/ProductCatelog...","timestamp":"2021-06-10T01:21:46.380Z"}
{"level":"info","message":"Listening on port 3900...","timestamp":"2021-06-12T04:51:58.578Z"}
{"level":"info","message":"Connected to mongodb://localhost/ProductCatelog...","timestamp":"2021-06-12T04:51:58.963Z"}
{"level":"info","message":"Listening on port 3900...","timestamp":"2021-06-13T10:29:08.319Z"}
{"level":"info","message":"Connected to mongodb://localhost/ProductCatelog...","timestamp":"2021-06-13T10:29:08.667Z"}
{"level":"info","message":"Listening on port 3900...","timestamp":"2021-06-14T01:09:26.330Z"}
{"level":"info","message":"Connected to mongodb://localhost/ProductCatelog...","timestamp":"2021-06-14T01:09:26.625Z"}
{"message":"data and hash arguments required","stack":"Error: data and hash arguments required\n    at Object.compare (D:\\Project\\React\\api-node\\node_modules\\bcrypt\\bcrypt.js:208:17)\n    at D:\\Project\\React\\api-node\\node_modules\\bcrypt\\promises.js:29:12\n    at new Promise (<anonymous>)\n    at Object.module.exports.promise (D:\\Project\\React\\api-node\\node_modules\\bcrypt\\promises.js:20:12)\n    at Object.compare (D:\\Project\\React\\api-node\\node_modules\\bcrypt\\bcrypt.js:204:25)\n    at D:\\Project\\React\\api-node\\routes\\auth.js:16:38","level":"error","timestamp":"2021-06-14T01:27:22.987Z"}
{"message":"data and hash arguments required","stack":"Error: data and hash arguments required\n    at Object.compare (D:\\Project\\React\\api-node\\node_modules\\bcrypt\\bcrypt.js:208:17)\n    at D:\\Project\\React\\api-node\\node_modules\\bcrypt\\promises.js:29:12\n    at new Promise (<anonymous>)\n    at Object.module.exports.promise (D:\\Project\\React\\api-node\\node_modules\\bcrypt\\promises.js:20:12)\n    at Object.compare (D:\\Project\\React\\api-node\\node_modules\\bcrypt\\bcrypt.js:204:25)\n    at D:\\Project\\React\\api-node\\routes\\auth.js:16:38","level":"error","timestamp":"2021-06-14T01:27:31.956Z"}
{"message":"data and hash arguments required","stack":"Error: data and hash arguments required\n    at Object.compare (D:\\Project\\React\\api-node\\node_modules\\bcrypt\\bcrypt.js:208:17)\n    at D:\\Project\\React\\api-node\\node_modules\\bcrypt\\promises.js:29:12\n    at new Promise (<anonymous>)\n    at Object.module.exports.promise (D:\\Project\\React\\api-node\\node_modules\\bcrypt\\promises.js:20:12)\n    at Object.compare (D:\\Project\\React\\api-node\\node_modules\\bcrypt\\bcrypt.js:204:25)\n    at D:\\Project\\React\\api-node\\routes\\auth.js:16:38","level":"error","timestamp":"2021-06-14T01:27:50.448Z"}
{"level":"info","message":"Listening on port 3900...","timestamp":"2021-06-14T01:28:03.770Z"}
{"level":"info","message":"Connected to mongodb://localhost/ProductCatelog...","timestamp":"2021-06-14T01:28:03.799Z"}
{"message":"data and hash arguments required","stack":"Error: data and hash arguments required\n    at Object.compare (D:\\Project\\React\\api-node\\node_modules\\bcrypt\\bcrypt.js:208:17)\n    at D:\\Project\\React\\api-node\\node_modules\\bcrypt\\promises.js:29:12\n    at new Promise (<anonymous>)\n    at Object.module.exports.promise (D:\\Project\\React\\api-node\\node_modules\\bcrypt\\promises.js:20:12)\n    at Object.compare (D:\\Project\\React\\api-node\\node_modules\\bcrypt\\bcrypt.js:204:25)\n    at D:\\Project\\React\\api-node\\routes\\auth.js:16:38","level":"error","timestamp":"2021-06-14T01:28:14.342Z"}
{"message":"data and hash arguments required","stack":"Error: data and hash arguments required\n    at Object.compare (D:\\Project\\React\\api-node\\node_modules\\bcrypt\\bcrypt.js:208:17)\n    at D:\\Project\\React\\api-node\\node_modules\\bcrypt\\promises.js:29:12\n    at new Promise (<anonymous>)\n    at Object.module.exports.promise (D:\\Project\\React\\api-node\\node_modules\\bcrypt\\promises.js:20:12)\n    at Object.compare (D:\\Project\\React\\api-node\\node_modules\\bcrypt\\bcrypt.js:204:25)\n    at D:\\Project\\React\\api-node\\routes\\auth.js:16:38","level":"error","timestamp":"2021-06-14T01:28:49.405Z"}
{"level":"info","message":"Listening on port 3900...","timestamp":"2021-06-14T01:29:45.598Z"}
{"level":"info","message":"Connected to mongodb://localhost/ProductCatelog...","timestamp":"2021-06-14T01:29:45.668Z"}
{"message":"data and hash arguments required","stack":"Error: data and hash arguments required\n    at Object.compare (D:\\Project\\React\\api-node\\node_modules\\bcrypt\\bcrypt.js:208:17)\n    at D:\\Project\\React\\api-node\\node_modules\\bcrypt\\promises.js:29:12\n    at new Promise (<anonymous>)\n    at Object.module.exports.promise (D:\\Project\\React\\api-node\\node_modules\\bcrypt\\promises.js:20:12)\n    at Object.compare (D:\\Project\\React\\api-node\\node_modules\\bcrypt\\bcrypt.js:204:25)\n    at D:\\Project\\React\\api-node\\routes\\auth.js:16:38","level":"error","timestamp":"2021-06-14T01:36:57.001Z"}
{"level":"info","message":"Listening on port 3900...","timestamp":"2021-06-14T01:38:40.351Z"}
{"level":"info","message":"Connected to mongodb://localhost/ProductCatelog...","timestamp":"2021-06-14T01:38:40.406Z"}
{"message":"data and hash arguments required","stack":"Error: data and hash arguments required\n    at Object.compare (D:\\Project\\React\\api-node\\node_modules\\bcrypt\\bcrypt.js:208:17)\n    at D:\\Project\\React\\api-node\\node_modules\\bcrypt\\promises.js:29:12\n    at new Promise (<anonymous>)\n    at Object.module.exports.promise (D:\\Project\\React\\api-node\\node_modules\\bcrypt\\promises.js:20:12)\n    at Object.compare (D:\\Project\\React\\api-node\\node_modules\\bcrypt\\bcrypt.js:204:25)\n    at D:\\Project\\React\\api-node\\routes\\auth.js:16:38","level":"error","timestamp":"2021-06-14T01:38:50.242Z"}
{"level":"info","message":"Listening on port 3900...","timestamp":"2021-06-14T01:40:36.415Z"}
{"level":"info","message":"Connected to mongodb://localhost/ProductCatelog...","timestamp":"2021-06-14T01:40:36.446Z"}
{"message":"data and hash arguments required","stack":"Error: data and hash arguments required\n    at Object.compare (D:\\Project\\React\\api-node\\node_modules\\bcrypt\\bcrypt.js:208:17)\n    at D:\\Project\\React\\api-node\\node_modules\\bcrypt\\promises.js:29:12\n    at new Promise (<anonymous>)\n    at Object.module.exports.promise (D:\\Project\\React\\api-node\\node_modules\\bcrypt\\promises.js:20:12)\n    at Object.compare (D:\\Project\\React\\api-node\\node_modules\\bcrypt\\bcrypt.js:204:25)\n    at D:\\Project\\React\\api-node\\routes\\auth.js:16:38","level":"error","timestamp":"2021-06-14T01:47:44.333Z"}
{"level":"info","message":"Listening on port 3900...","timestamp":"2021-06-14T02:00:37.347Z"}
{"level":"info","message":"Connected to mongodb://localhost/ProductCatelog...","timestamp":"2021-06-14T02:00:37.384Z"}
{"level":"info","message":"Listening on port 3900...","timestamp":"2021-06-14T02:00:44.922Z"}
{"level":"info","message":"Connected to mongodb://localhost/ProductCatelog...","timestamp":"2021-06-14T02:00:44.949Z"}
{"message":"data and hash arguments required","stack":"Error: data and hash arguments required\n    at Object.compare (D:\\Project\\React\\api-node\\node_modules\\bcrypt\\bcrypt.js:208:17)\n    at D:\\Project\\React\\api-node\\node_modules\\bcrypt\\promises.js:29:12\n    at new Promise (<anonymous>)\n    at Object.module.exports.promise (D:\\Project\\React\\api-node\\node_modules\\bcrypt\\promises.js:20:12)\n    at Object.compare (D:\\Project\\React\\api-node\\node_modules\\bcrypt\\bcrypt.js:204:25)\n    at D:\\Project\\React\\api-node\\routes\\auth.js:16:38","level":"error","timestamp":"2021-06-14T02:00:53.737Z"}
{"message":"data and hash arguments required","stack":"Error: data and hash arguments required\n    at Object.compare (D:\\Project\\React\\api-node\\node_modules\\bcrypt\\bcrypt.js:208:17)\n    at D:\\Project\\React\\api-node\\node_modules\\bcrypt\\promises.js:29:12\n    at new Promise (<anonymous>)\n    at Object.module.exports.promise (D:\\Project\\React\\api-node\\node_modules\\bcrypt\\promises.js:20:12)\n    at Object.compare (D:\\Project\\React\\api-node\\node_modules\\bcrypt\\bcrypt.js:204:25)\n    at D:\\Project\\React\\api-node\\routes\\auth.js:16:38","level":"error","timestamp":"2021-06-14T02:01:16.743Z"}
{"level":"info","message":"Listening on port 3900...","timestamp":"2021-06-14T02:24:38.457Z"}
{"level":"info","message":"Connected to mongodb://localhost/ProductCatelog...","timestamp":"2021-06-14T02:24:38.484Z"}
{"message":"data and hash arguments required","stack":"Error: data and hash arguments required\n    at Object.compare (D:\\Project\\React\\api-node\\node_modules\\bcrypt\\bcrypt.js:208:17)\n    at D:\\Project\\React\\api-node\\node_modules\\bcrypt\\promises.js:29:12\n    at new Promise (<anonymous>)\n    at Object.module.exports.promise (D:\\Project\\React\\api-node\\node_modules\\bcrypt\\promises.js:20:12)\n    at Object.compare (D:\\Project\\React\\api-node\\node_modules\\bcrypt\\bcrypt.js:204:25)\n    at D:\\Project\\React\\api-node\\routes\\auth.js:16:38","level":"error","timestamp":"2021-06-14T02:43:31.475Z"}
{"message":"data and hash arguments required","stack":"Error: data and hash arguments required\n    at Object.compare (D:\\Project\\React\\api-node\\node_modules\\bcrypt\\bcrypt.js:208:17)\n    at D:\\Project\\React\\api-node\\node_modules\\bcrypt\\promises.js:29:12\n    at new Promise (<anonymous>)\n    at Object.module.exports.promise (D:\\Project\\React\\api-node\\node_modules\\bcrypt\\promises.js:20:12)\n    at Object.compare (D:\\Project\\React\\api-node\\node_modules\\bcrypt\\bcrypt.js:204:25)\n    at D:\\Project\\React\\api-node\\routes\\auth.js:16:38","level":"error","timestamp":"2021-06-14T02:44:04.915Z"}
{"message":"data and hash arguments required","stack":"Error: data and hash arguments required\n    at Object.compare (D:\\Project\\React\\api-node\\node_modules\\bcrypt\\bcrypt.js:208:17)\n    at D:\\Project\\React\\api-node\\node_modules\\bcrypt\\promises.js:29:12\n    at new Promise (<anonymous>)\n    at Object.module.exports.promise (D:\\Project\\React\\api-node\\node_modules\\bcrypt\\promises.js:20:12)\n    at Object.compare (D:\\Project\\React\\api-node\\node_modules\\bcrypt\\bcrypt.js:204:25)\n    at D:\\Project\\React\\api-node\\routes\\auth.js:16:38","level":"error","timestamp":"2021-06-14T02:44:30.989Z"}
{"level":"info","message":"Listening on port 3900...","timestamp":"2021-06-14T02:46:30.664Z"}
{"level":"info","message":"Connected to mongodb://localhost/ProductCatelog...","timestamp":"2021-06-14T02:46:30.762Z"}
{"message":"data and hash arguments required","stack":"Error: data and hash arguments required\n    at Object.compare (D:\\Project\\React\\api-node\\node_modules\\bcrypt\\bcrypt.js:208:17)\n    at D:\\Project\\React\\api-node\\node_modules\\bcrypt\\promises.js:29:12\n    at new Promise (<anonymous>)\n    at Object.module.exports.promise (D:\\Project\\React\\api-node\\node_modules\\bcrypt\\promises.js:20:12)\n    at Object.compare (D:\\Project\\React\\api-node\\node_modules\\bcrypt\\bcrypt.js:204:25)\n    at D:\\Project\\React\\api-node\\routes\\auth.js:16:38","level":"error","timestamp":"2021-06-14T02:47:08.736Z"}
{"level":"info","message":"Listening on port 3900...","timestamp":"2021-06-14T02:47:38.631Z"}
{"level":"info","message":"Connected to mongodb://localhost/ProductCatelog...","timestamp":"2021-06-14T02:47:38.669Z"}
{"message":"data and hash arguments required","stack":"Error: data and hash arguments required\n    at Object.compare (D:\\Project\\React\\api-node\\node_modules\\bcrypt\\bcrypt.js:208:17)\n    at D:\\Project\\React\\api-node\\node_modules\\bcrypt\\promises.js:29:12\n    at new Promise (<anonymous>)\n    at Object.module.exports.promise (D:\\Project\\React\\api-node\\node_modules\\bcrypt\\promises.js:20:12)\n    at Object.compare (D:\\Project\\React\\api-node\\node_modules\\bcrypt\\bcrypt.js:204:25)\n    at D:\\Project\\React\\api-node\\routes\\auth.js:16:38","level":"error","timestamp":"2021-06-14T02:50:24.253Z"}
{"message":"data and hash arguments required","stack":"Error: data and hash arguments required\n    at Object.compare (D:\\Project\\React\\api-node\\node_modules\\bcrypt\\bcrypt.js:208:17)\n    at D:\\Project\\React\\api-node\\node_modules\\bcrypt\\promises.js:29:12\n    at new Promise (<anonymous>)\n    at Object.module.exports.promise (D:\\Project\\React\\api-node\\node_modules\\bcrypt\\promises.js:20:12)\n    at Object.compare (D:\\Project\\React\\api-node\\node_modules\\bcrypt\\bcrypt.js:204:25)\n    at D:\\Project\\React\\api-node\\routes\\auth.js:16:38","level":"error","timestamp":"2021-06-14T02:51:20.441Z"}
{"level":"info","message":"Listening on port 3900...","timestamp":"2021-06-14T03:07:14.370Z"}
{"level":"info","message":"Connected to mongodb://localhost/ProductCatelog...","timestamp":"2021-06-14T03:07:14.399Z"}
